c:\users\z005653n\desktop\lib60870\lib60870-c\lib60870.dir\release\lib_memory.obj
c:\users\z005653n\desktop\lib60870\lib60870-c\lib60870.dir\release\linked_list.obj
c:\users\z005653n\desktop\lib60870\lib60870-c\lib60870.dir\release\tls_mbedtls.obj
c:\users\z005653n\desktop\lib60870\lib60870-c\lib60870.dir\release\serial_port_win32.obj
c:\users\z005653n\desktop\lib60870\lib60870-c\lib60870.dir\release\time.obj
c:\users\z005653n\desktop\lib60870\lib60870-c\lib60870.dir\release\thread_win32.obj
c:\users\z005653n\desktop\lib60870\lib60870-c\lib60870.dir\release\socket_win32.obj
c:\users\z005653n\desktop\lib60870\lib60870-c\lib60870.dir\release\lib60870_common.obj
c:\users\z005653n\desktop\lib60870\lib60870-c\lib60870.dir\release\frame.obj
c:\users\z005653n\desktop\lib60870\lib60870-c\lib60870.dir\release\serial_transceiver_ft_1_2.obj
c:\users\z005653n\desktop\lib60870\lib60870-c\lib60870.dir\release\link_layer.obj
c:\users\z005653n\desktop\lib60870\lib60870-c\lib60870.dir\release\buffer_frame.obj
c:\users\z005653n\desktop\lib60870\lib60870-c\lib60870.dir\release\cs104_frame.obj
c:\users\z005653n\desktop\lib60870\lib60870-c\lib60870.dir\release\cs101_slave.obj
c:\users\z005653n\desktop\lib60870\lib60870-c\lib60870.dir\release\cs101_queue.obj
c:\users\z005653n\desktop\lib60870\lib60870-c\lib60870.dir\release\cs101_master.obj
c:\users\z005653n\desktop\lib60870\lib60870-c\lib60870.dir\release\cs101_master_connection.obj
c:\users\z005653n\desktop\lib60870\lib60870-c\lib60870.dir\release\cs101_information_objects.obj
c:\users\z005653n\desktop\lib60870\lib60870-c\lib60870.dir\release\cs101_bcr.obj
c:\users\z005653n\desktop\lib60870\lib60870-c\lib60870.dir\release\cs101_asdu.obj
c:\users\z005653n\desktop\lib60870\lib60870-c\lib60870.dir\release\cpxxtime2a.obj
c:\users\z005653n\desktop\lib60870\lib60870-c\lib60870.dir\release\file_server.obj
c:\users\z005653n\desktop\lib60870\lib60870-c\lib60870.dir\release\cs104_slave.obj
c:\users\z005653n\desktop\lib60870\lib60870-c\lib60870.dir\release\cs104_connection.obj
c:\users\z005653n\desktop\lib60870\lib60870-c\lib60870.dir\release\aprofile.obj
c:\users\z005653n\desktop\lib60870\lib60870-c\cmakefiles\generate.stamp
c:\users\z005653n\desktop\lib60870\lib60870-c\release\lib60870.lib
c:\users\z005653n\desktop\lib60870\lib60870-c\lib60870.dir\release\lib60870.tlog\cl.command.1.tlog
c:\users\z005653n\desktop\lib60870\lib60870-c\lib60870.dir\release\lib60870.tlog\cl.items.tlog
c:\users\z005653n\desktop\lib60870\lib60870-c\lib60870.dir\release\lib60870.tlog\cl.read.1.tlog
c:\users\z005653n\desktop\lib60870\lib60870-c\lib60870.dir\release\lib60870.tlog\cl.write.1.tlog
c:\users\z005653n\desktop\lib60870\lib60870-c\lib60870.dir\release\lib60870.tlog\custombuild.command.1.tlog
c:\users\z005653n\desktop\lib60870\lib60870-c\lib60870.dir\release\lib60870.tlog\custombuild.read.1.tlog
c:\users\z005653n\desktop\lib60870\lib60870-c\lib60870.dir\release\lib60870.tlog\custombuild.write.1.tlog
c:\users\z005653n\desktop\lib60870\lib60870-c\lib60870.dir\release\lib60870.tlog\lib-link.read.1.tlog
c:\users\z005653n\desktop\lib60870\lib60870-c\lib60870.dir\release\lib60870.tlog\lib-link.write.1.tlog
c:\users\z005653n\desktop\lib60870\lib60870-c\lib60870.dir\release\lib60870.tlog\lib.command.1.tlog
