c:\users\z005653n\desktop\lib60870\lib60870-c\mbedtls_static.dir\release\debug.obj
c:\users\z005653n\desktop\lib60870\lib60870-c\mbedtls_static.dir\release\ctr_drbg.obj
c:\users\z005653n\desktop\lib60870\lib60870-c\mbedtls_static.dir\release\constant_time.obj
c:\users\z005653n\desktop\lib60870\lib60870-c\mbedtls_static.dir\release\cmac.obj
c:\users\z005653n\desktop\lib60870\lib60870-c\mbedtls_static.dir\release\cipher_wrap.obj
c:\users\z005653n\desktop\lib60870\lib60870-c\mbedtls_static.dir\release\cipher.obj
c:\users\z005653n\desktop\lib60870\lib60870-c\mbedtls_static.dir\release\chachapoly.obj
c:\users\z005653n\desktop\lib60870\lib60870-c\mbedtls_static.dir\release\chacha20.obj
c:\users\z005653n\desktop\lib60870\lib60870-c\mbedtls_static.dir\release\certs.obj
c:\users\z005653n\desktop\lib60870\lib60870-c\mbedtls_static.dir\release\ccm.obj
c:\users\z005653n\desktop\lib60870\lib60870-c\mbedtls_static.dir\release\camellia.obj
c:\users\z005653n\desktop\lib60870\lib60870-c\mbedtls_static.dir\release\blowfish.obj
c:\users\z005653n\desktop\lib60870\lib60870-c\mbedtls_static.dir\release\bignum.obj
c:\users\z005653n\desktop\lib60870\lib60870-c\mbedtls_static.dir\release\base64.obj
c:\users\z005653n\desktop\lib60870\lib60870-c\mbedtls_static.dir\release\asn1write.obj
c:\users\z005653n\desktop\lib60870\lib60870-c\mbedtls_static.dir\release\asn1parse.obj
c:\users\z005653n\desktop\lib60870\lib60870-c\mbedtls_static.dir\release\aria.obj
c:\users\z005653n\desktop\lib60870\lib60870-c\mbedtls_static.dir\release\arc4.obj
c:\users\z005653n\desktop\lib60870\lib60870-c\mbedtls_static.dir\release\aesni.obj
c:\users\z005653n\desktop\lib60870\lib60870-c\mbedtls_static.dir\release\aes.obj
c:\users\z005653n\desktop\lib60870\lib60870-c\mbedtls_static.dir\release\mps_reader.obj
c:\users\z005653n\desktop\lib60870\lib60870-c\mbedtls_static.dir\release\memory_buffer_alloc.obj
c:\users\z005653n\desktop\lib60870\lib60870-c\mbedtls_static.dir\release\md5.obj
c:\users\z005653n\desktop\lib60870\lib60870-c\mbedtls_static.dir\release\md4.obj
c:\users\z005653n\desktop\lib60870\lib60870-c\mbedtls_static.dir\release\md2.obj
c:\users\z005653n\desktop\lib60870\lib60870-c\mbedtls_static.dir\release\md.obj
c:\users\z005653n\desktop\lib60870\lib60870-c\mbedtls_static.dir\release\hmac_drbg.obj
c:\users\z005653n\desktop\lib60870\lib60870-c\mbedtls_static.dir\release\hkdf.obj
c:\users\z005653n\desktop\lib60870\lib60870-c\mbedtls_static.dir\release\havege.obj
c:\users\z005653n\desktop\lib60870\lib60870-c\mbedtls_static.dir\release\gcm.obj
c:\users\z005653n\desktop\lib60870\lib60870-c\mbedtls_static.dir\release\error.obj
c:\users\z005653n\desktop\lib60870\lib60870-c\mbedtls_static.dir\release\entropy_poll.obj
c:\users\z005653n\desktop\lib60870\lib60870-c\mbedtls_static.dir\release\entropy.obj
c:\users\z005653n\desktop\lib60870\lib60870-c\mbedtls_static.dir\release\ecp_curves.obj
c:\users\z005653n\desktop\lib60870\lib60870-c\mbedtls_static.dir\release\ecp.obj
c:\users\z005653n\desktop\lib60870\lib60870-c\mbedtls_static.dir\release\ecjpake.obj
c:\users\z005653n\desktop\lib60870\lib60870-c\mbedtls_static.dir\release\ecdsa.obj
c:\users\z005653n\desktop\lib60870\lib60870-c\mbedtls_static.dir\release\ecdh.obj
c:\users\z005653n\desktop\lib60870\lib60870-c\mbedtls_static.dir\release\dhm.obj
c:\users\z005653n\desktop\lib60870\lib60870-c\mbedtls_static.dir\release\des.obj
c:\users\z005653n\desktop\lib60870\lib60870-c\mbedtls_static.dir\release\psa_crypto_client.obj
c:\users\z005653n\desktop\lib60870\lib60870-c\mbedtls_static.dir\release\psa_crypto_cipher.obj
c:\users\z005653n\desktop\lib60870\lib60870-c\mbedtls_static.dir\release\psa_crypto_aead.obj
c:\users\z005653n\desktop\lib60870\lib60870-c\mbedtls_static.dir\release\psa_crypto.obj
c:\users\z005653n\desktop\lib60870\lib60870-c\mbedtls_static.dir\release\poly1305.obj
c:\users\z005653n\desktop\lib60870\lib60870-c\mbedtls_static.dir\release\platform_util.obj
c:\users\z005653n\desktop\lib60870\lib60870-c\mbedtls_static.dir\release\platform.obj
c:\users\z005653n\desktop\lib60870\lib60870-c\mbedtls_static.dir\release\pkwrite.obj
c:\users\z005653n\desktop\lib60870\lib60870-c\mbedtls_static.dir\release\pkparse.obj
c:\users\z005653n\desktop\lib60870\lib60870-c\mbedtls_static.dir\release\pkcs5.obj
c:\users\z005653n\desktop\lib60870\lib60870-c\mbedtls_static.dir\release\pkcs12.obj
c:\users\z005653n\desktop\lib60870\lib60870-c\mbedtls_static.dir\release\pkcs11.obj
c:\users\z005653n\desktop\lib60870\lib60870-c\mbedtls_static.dir\release\pk_wrap.obj
c:\users\z005653n\desktop\lib60870\lib60870-c\mbedtls_static.dir\release\pk.obj
c:\users\z005653n\desktop\lib60870\lib60870-c\mbedtls_static.dir\release\pem.obj
c:\users\z005653n\desktop\lib60870\lib60870-c\mbedtls_static.dir\release\padlock.obj
c:\users\z005653n\desktop\lib60870\lib60870-c\mbedtls_static.dir\release\oid.obj
c:\users\z005653n\desktop\lib60870\lib60870-c\mbedtls_static.dir\release\nist_kw.obj
c:\users\z005653n\desktop\lib60870\lib60870-c\mbedtls_static.dir\release\net_sockets.obj
c:\users\z005653n\desktop\lib60870\lib60870-c\mbedtls_static.dir\release\mps_trace.obj
c:\users\z005653n\desktop\lib60870\lib60870-c\mbedtls_static.dir\release\ssl_msg.obj
c:\users\z005653n\desktop\lib60870\lib60870-c\mbedtls_static.dir\release\ssl_cookie.obj
c:\users\z005653n\desktop\lib60870\lib60870-c\mbedtls_static.dir\release\ssl_cli.obj
c:\users\z005653n\desktop\lib60870\lib60870-c\mbedtls_static.dir\release\ssl_ciphersuites.obj
c:\users\z005653n\desktop\lib60870\lib60870-c\mbedtls_static.dir\release\ssl_cache.obj
c:\users\z005653n\desktop\lib60870\lib60870-c\mbedtls_static.dir\release\sha512.obj
c:\users\z005653n\desktop\lib60870\lib60870-c\mbedtls_static.dir\release\sha256.obj
c:\users\z005653n\desktop\lib60870\lib60870-c\mbedtls_static.dir\release\sha1.obj
c:\users\z005653n\desktop\lib60870\lib60870-c\mbedtls_static.dir\release\rsa_internal.obj
c:\users\z005653n\desktop\lib60870\lib60870-c\mbedtls_static.dir\release\rsa.obj
c:\users\z005653n\desktop\lib60870\lib60870-c\mbedtls_static.dir\release\ripemd160.obj
c:\users\z005653n\desktop\lib60870\lib60870-c\mbedtls_static.dir\release\psa_its_file.obj
c:\users\z005653n\desktop\lib60870\lib60870-c\mbedtls_static.dir\release\psa_crypto_storage.obj
c:\users\z005653n\desktop\lib60870\lib60870-c\mbedtls_static.dir\release\psa_crypto_slot_management.obj
c:\users\z005653n\desktop\lib60870\lib60870-c\mbedtls_static.dir\release\psa_crypto_se.obj
c:\users\z005653n\desktop\lib60870\lib60870-c\mbedtls_static.dir\release\psa_crypto_rsa.obj
c:\users\z005653n\desktop\lib60870\lib60870-c\mbedtls_static.dir\release\psa_crypto_mac.obj
c:\users\z005653n\desktop\lib60870\lib60870-c\mbedtls_static.dir\release\psa_crypto_hash.obj
c:\users\z005653n\desktop\lib60870\lib60870-c\mbedtls_static.dir\release\psa_crypto_ecp.obj
c:\users\z005653n\desktop\lib60870\lib60870-c\mbedtls_static.dir\release\psa_crypto_driver_wrappers.obj
c:\users\z005653n\desktop\lib60870\lib60870-c\mbedtls_static.dir\release\xtea.obj
c:\users\z005653n\desktop\lib60870\lib60870-c\mbedtls_static.dir\release\x509write_csr.obj
c:\users\z005653n\desktop\lib60870\lib60870-c\mbedtls_static.dir\release\x509write_crt.obj
c:\users\z005653n\desktop\lib60870\lib60870-c\mbedtls_static.dir\release\x509_csr.obj
c:\users\z005653n\desktop\lib60870\lib60870-c\mbedtls_static.dir\release\x509_crt.obj
c:\users\z005653n\desktop\lib60870\lib60870-c\mbedtls_static.dir\release\x509_crl.obj
c:\users\z005653n\desktop\lib60870\lib60870-c\mbedtls_static.dir\release\x509_create.obj
c:\users\z005653n\desktop\lib60870\lib60870-c\mbedtls_static.dir\release\x509.obj
c:\users\z005653n\desktop\lib60870\lib60870-c\mbedtls_static.dir\release\version_features.obj
c:\users\z005653n\desktop\lib60870\lib60870-c\mbedtls_static.dir\release\version.obj
c:\users\z005653n\desktop\lib60870\lib60870-c\mbedtls_static.dir\release\timing.obj
c:\users\z005653n\desktop\lib60870\lib60870-c\mbedtls_static.dir\release\threading.obj
c:\users\z005653n\desktop\lib60870\lib60870-c\mbedtls_static.dir\release\ssl_tls13_keys.obj
c:\users\z005653n\desktop\lib60870\lib60870-c\mbedtls_static.dir\release\ssl_tls.obj
c:\users\z005653n\desktop\lib60870\lib60870-c\mbedtls_static.dir\release\ssl_ticket.obj
c:\users\z005653n\desktop\lib60870\lib60870-c\mbedtls_static.dir\release\ssl_srv.obj
c:\users\z005653n\desktop\lib60870\lib60870-c\cmakefiles\generate.stamp
c:\users\z005653n\desktop\lib60870\lib60870-c\release\mbedtls_static.lib
c:\users\z005653n\desktop\lib60870\lib60870-c\mbedtls_static.dir\release\mbedtls_static.tlog\cl.command.1.tlog
c:\users\z005653n\desktop\lib60870\lib60870-c\mbedtls_static.dir\release\mbedtls_static.tlog\cl.items.tlog
c:\users\z005653n\desktop\lib60870\lib60870-c\mbedtls_static.dir\release\mbedtls_static.tlog\cl.read.1.tlog
c:\users\z005653n\desktop\lib60870\lib60870-c\mbedtls_static.dir\release\mbedtls_static.tlog\cl.write.1.tlog
c:\users\z005653n\desktop\lib60870\lib60870-c\mbedtls_static.dir\release\mbedtls_static.tlog\custombuild.command.1.tlog
c:\users\z005653n\desktop\lib60870\lib60870-c\mbedtls_static.dir\release\mbedtls_static.tlog\custombuild.read.1.tlog
c:\users\z005653n\desktop\lib60870\lib60870-c\mbedtls_static.dir\release\mbedtls_static.tlog\custombuild.write.1.tlog
c:\users\z005653n\desktop\lib60870\lib60870-c\mbedtls_static.dir\release\mbedtls_static.tlog\lib-link.read.1.tlog
c:\users\z005653n\desktop\lib60870\lib60870-c\mbedtls_static.dir\release\mbedtls_static.tlog\lib-link.write.1.tlog
c:\users\z005653n\desktop\lib60870\lib60870-c\mbedtls_static.dir\release\mbedtls_static.tlog\lib.command.1.tlog
